<?xml version="1.0" encoding="UTF-8"?>
<!-- Generated by org.testng.reporters.JUnitReportReporter -->
<testsuite hostname="DESKTOP-95EUGS7" failures="0" tests="5" name="api.test.UserTests" time="8.110" errors="0" timestamp="2023-08-02T14:26:54 IST" skipped="0">
  <testcase classname="api.test.UserTests" name="testPostUser" time="3.664"/>
  <system-out/>
  <testcase classname="api.test.UserTests" name="testgetUserByName" time="1.118"/>
  <system-out/>
  <testcase classname="api.test.UserTests" name="testUpdateByUsingName" time="1.095"/>
  <system-out/>
  <testcase classname="api.test.UserTests" name="testAfterUpdate" time="1.112"/>
  <system-out/>
  <testcase classname="api.test.UserTests" name="testDelUser" time="1.121"/>
  <system-out/>
</testsuite> <!-- api.test.UserTests -->
