<?xml version="1.0" encoding="UTF-8"?>
<!-- Generated by org.testng.reporters.JUnitReportReporter -->
<testsuite hostname="DESKTOP-95EUGS7" failures="0" tests="2" name="api.test.DDTest" time="0.000" errors="0" timestamp="2023-08-02T09:10:20 IST" skipped="2">
  <testcase classname="api.test.DDTest" name="testpostUser" time="0.000">
    <skipped/>
  </testcase> <!-- testpostUser -->
  <system-out/>
  <testcase classname="api.test.DDTest" name="testDelUser" time="0.000">
    <skipped/>
  </testcase> <!-- testDelUser -->
  <system-out/>
</testsuite> <!-- api.test.DDTest -->
